{
  "stats": {
    "suites": 1,
    "tests": 3,
    "passes": 3,
    "pending": 0,
    "failures": 0,
    "start": "2025-06-27T15:00:42.091Z",
    "end": "2025-06-27T15:00:46.066Z",
    "duration": 3975,
    "testsRegistered": 3,
    "passPercent": 100,
    "pendingPercent": 0,
    "other": 0,
    "hasOther": false,
    "skipped": 0,
    "hasSkipped": false
  },
  "results": [
    {
      "uuid": "e75c3371-60a9-4bf7-9892-4a871f7a5df8",
      "title": "",
      "fullFile": "cypress/e2e/carrinho.cy.js",
      "file": "cypress/e2e/carrinho.cy.js",
      "beforeHooks": [],
      "afterHooks": [],
      "tests": [],
      "suites": [
        {
          "uuid": "76a23193-e2c5-4956-9c1a-24e33b719c9f",
          "title": "Carrinho de compras",
          "fullFile": "",
          "file": "",
          "beforeHooks": [],
          "afterHooks": [],
          "tests": [
            {
              "title": "Adicionar produto ao carrinho",
              "fullTitle": "Carrinho de compras Adicionar produto ao carrinho",
              "timedOut": null,
              "duration": 1943,
              "state": "passed",
              "speed": "fast",
              "pass": true,
              "fail": false,
              "pending": false,
              "context": null,
              "code": "cy.get('.btn_inventory').first().click();\ncy.get('.shopping_cart_badge').should('contain', '1');",
              "err": {},
              "uuid": "68abe9ee-e44c-4456-8f46-a83e0ec7bb7b",
              "parentUUID": "76a23193-e2c5-4956-9c1a-24e33b719c9f",
              "isHook": false,
              "skipped": false
            },
            {
              "title": "Remover produto do carrinho",
              "fullTitle": "Carrinho de compras Remover produto do carrinho",
              "timedOut": null,
              "duration": 927,
              "state": "passed",
              "speed": "fast",
              "pass": true,
              "fail": false,
              "pending": false,
              "context": null,
              "code": "cy.get('.btn_inventory').first().click();\ncy.get('.btn_secondary').first().click();\ncy.get('.shopping_cart_badge').should('not.exist');",
              "err": {},
              "uuid": "27bd3814-998f-4abb-8b33-f04c5d2689c6",
              "parentUUID": "76a23193-e2c5-4956-9c1a-24e33b719c9f",
              "isHook": false,
              "skipped": false
            },
            {
              "title": "Validar produtos adicionados",
              "fullTitle": "Carrinho de compras Validar produtos adicionados",
              "timedOut": null,
              "duration": 1052,
              "state": "passed",
              "speed": "fast",
              "pass": true,
              "fail": false,
              "pending": false,
              "context": null,
              "code": "cy.get('.btn_inventory').eq(0).click();\ncy.get('.btn_inventory').eq(1).click();\ncy.get('.shopping_cart_link').click();\ncy.get('.cart_item').should('have.length', 2);",
              "err": {},
              "uuid": "11ef7d7e-f757-4895-a1e5-d3c3a5389a81",
              "parentUUID": "76a23193-e2c5-4956-9c1a-24e33b719c9f",
              "isHook": false,
              "skipped": false
            }
          ],
          "suites": [],
          "passes": [
            "68abe9ee-e44c-4456-8f46-a83e0ec7bb7b",
            "27bd3814-998f-4abb-8b33-f04c5d2689c6",
            "11ef7d7e-f757-4895-a1e5-d3c3a5389a81"
          ],
          "failures": [],
          "pending": [],
          "skipped": [],
          "duration": 3922,
          "root": false,
          "rootEmpty": false,
          "_timeout": 2000
        }
      ],
      "passes": [],
      "failures": [],
      "pending": [],
      "skipped": [],
      "duration": 0,
      "root": true,
      "rootEmpty": true,
      "_timeout": 2000
    }
  ],
  "meta": {
    "mocha": {
      "version": "7.2.0"
    },
    "mochawesome": {
      "options": {
        "quiet": false,
        "reportFilename": "mochawesome",
        "saveHtml": false,
        "saveJson": true,
        "consoleReporter": "spec",
        "useInlineDiffs": false,
        "code": true
      },
      "version": "7.1.3"
    },
    "marge": {
      "options": {
        "reportDir": "cypress/reports",
        "overwrite": false,
        "html": false,
        "json": true
      },
      "version": "6.2.0"
    }
  }
}