{
  "stats": {
    "suites": 1,
    "tests": 3,
    "passes": 3,
    "pending": 0,
    "failures": 0,
    "start": "2025-06-27T15:00:54.712Z",
    "end": "2025-06-27T15:00:58.220Z",
    "duration": 3508,
    "testsRegistered": 3,
    "passPercent": 100,
    "pendingPercent": 0,
    "other": 0,
    "hasOther": false,
    "skipped": 0,
    "hasSkipped": false
  },
  "results": [
    {
      "uuid": "2f82a6a7-ae38-4e41-a5d5-2185283febe9",
      "title": "",
      "fullFile": "cypress/e2e/login.cy.js",
      "file": "cypress/e2e/login.cy.js",
      "beforeHooks": [],
      "afterHooks": [],
      "tests": [],
      "suites": [
        {
          "uuid": "2076a212-74f3-4a3a-a056-8e9294d70748",
          "title": "Testes de Login na Saucedemo",
          "fullFile": "",
          "file": "",
          "beforeHooks": [],
          "afterHooks": [],
          "tests": [
            {
              "title": "Login com sucesso",
              "fullTitle": "Testes de Login na Saucedemo Login com sucesso",
              "timedOut": null,
              "duration": 1487,
              "state": "passed",
              "speed": "fast",
              "pass": true,
              "fail": false,
              "pending": false,
              "context": null,
              "code": "cy.get('#user-name').type(USUARIO_OK);\ncy.get('#password').type(SENHA_OK);\ncy.get('#login-button').click();\ncy.contains('Products').should('be.visible');",
              "err": {},
              "uuid": "a82570ef-aeb3-4d28-b59b-1d2e304b53ae",
              "parentUUID": "2076a212-74f3-4a3a-a056-8e9294d70748",
              "isHook": false,
              "skipped": false
            },
            {
              "title": "Logout após login com sucesso",
              "fullTitle": "Testes de Login na Saucedemo Logout após login com sucesso",
              "timedOut": null,
              "duration": 1216,
              "state": "passed",
              "speed": "fast",
              "pass": true,
              "fail": false,
              "pending": false,
              "context": null,
              "code": "cy.get('#user-name').type(USUARIO_OK);\ncy.get('#password').type(SENHA_OK);\ncy.get('#login-button').click();\ncy.contains('Products').should('be.visible');\ncy.get('.bm-burger-button').click();\ncy.get('#logout_sidebar_link').click();\ncy.get('#login-button').should('be.visible');",
              "err": {},
              "uuid": "8bf6c0a6-649f-49d4-83eb-363ecd25498c",
              "parentUUID": "2076a212-74f3-4a3a-a056-8e9294d70748",
              "isHook": false,
              "skipped": false
            },
            {
              "title": "Login com usuário ou senha inválidos",
              "fullTitle": "Testes de Login na Saucedemo Login com usuário ou senha inválidos",
              "timedOut": null,
              "duration": 749,
              "state": "passed",
              "speed": "fast",
              "pass": true,
              "fail": false,
              "pending": false,
              "context": null,
              "code": "cy.get('#user-name').type('usuario_invalido');\ncy.get('#password').type('senha_errada');\ncy.get('#login-button').click();\n// Verifica se aparece a mensagem de erro\ncy.get('[data-test=error]').should('contain.text', 'Epic sadface: Username and password do not match any user in this service');",
              "err": {},
              "uuid": "271f09e4-b5e6-400c-8cc8-87b6cc0d34db",
              "parentUUID": "2076a212-74f3-4a3a-a056-8e9294d70748",
              "isHook": false,
              "skipped": false
            }
          ],
          "suites": [],
          "passes": [
            "a82570ef-aeb3-4d28-b59b-1d2e304b53ae",
            "8bf6c0a6-649f-49d4-83eb-363ecd25498c",
            "271f09e4-b5e6-400c-8cc8-87b6cc0d34db"
          ],
          "failures": [],
          "pending": [],
          "skipped": [],
          "duration": 3452,
          "root": false,
          "rootEmpty": false,
          "_timeout": 2000
        }
      ],
      "passes": [],
      "failures": [],
      "pending": [],
      "skipped": [],
      "duration": 0,
      "root": true,
      "rootEmpty": true,
      "_timeout": 2000
    }
  ],
  "meta": {
    "mocha": {
      "version": "7.2.0"
    },
    "mochawesome": {
      "options": {
        "quiet": false,
        "reportFilename": "mochawesome",
        "saveHtml": false,
        "saveJson": true,
        "consoleReporter": "spec",
        "useInlineDiffs": false,
        "code": true
      },
      "version": "7.1.3"
    },
    "marge": {
      "options": {
        "reportDir": "cypress/reports",
        "overwrite": false,
        "html": false,
        "json": true
      },
      "version": "6.2.0"
    }
  }
}