{
  "stats": {
    "suites": 1,
    "tests": 4,
    "passes": 4,
    "pending": 0,
    "failures": 0,
    "start": "2025-06-27T15:00:59.182Z",
    "end": "2025-06-27T15:01:03.675Z",
    "duration": 4493,
    "testsRegistered": 4,
    "passPercent": 100,
    "pendingPercent": 0,
    "other": 0,
    "hasOther": false,
    "skipped": 0,
    "hasSkipped": false
  },
  "results": [
    {
      "uuid": "18f044af-0502-4cd3-8a27-14d77fdde5e5",
      "title": "",
      "fullFile": "cypress/e2e/produtos.cy.js",
      "file": "cypress/e2e/produtos.cy.js",
      "beforeHooks": [],
      "afterHooks": [],
      "tests": [],
      "suites": [
        {
          "uuid": "492f4ef3-3e8f-4969-ba5b-049a19e73775",
          "title": "Produtos",
          "fullFile": "",
          "file": "",
          "beforeHooks": [],
          "afterHooks": [],
          "tests": [
            {
              "title": "Exibe lista de produtos",
              "fullTitle": "Produtos Exibe lista de produtos",
              "timedOut": null,
              "duration": 1418,
              "state": "passed",
              "speed": "fast",
              "pass": true,
              "fail": false,
              "pending": false,
              "context": null,
              "code": "cy.get('.inventory_item').should('have.length.greaterThan', 0);",
              "err": {},
              "uuid": "7548680c-70ae-406a-a492-b883e21bcabd",
              "parentUUID": "492f4ef3-3e8f-4969-ba5b-049a19e73775",
              "isHook": false,
              "skipped": false
            },
            {
              "title": "Visualizar detalhes de um produto",
              "fullTitle": "Produtos Visualizar detalhes de um produto",
              "timedOut": null,
              "duration": 895,
              "state": "passed",
              "speed": "fast",
              "pass": true,
              "fail": false,
              "pending": false,
              "context": null,
              "code": "cy.get('.inventory_item').first().find('.inventory_item_name').click();\ncy.get('.inventory_details_name').should('be.visible');\ncy.get('.inventory_details_price').should('be.visible');",
              "err": {},
              "uuid": "ed6aca38-c585-493e-9452-7955ca20c2c2",
              "parentUUID": "492f4ef3-3e8f-4969-ba5b-049a19e73775",
              "isHook": false,
              "skipped": false
            },
            {
              "title": "Ordenar produtos por nome (A a Z)",
              "fullTitle": "Produtos Ordenar produtos por nome (A a Z)",
              "timedOut": null,
              "duration": 887,
              "state": "passed",
              "speed": "fast",
              "pass": true,
              "fail": false,
              "pending": false,
              "context": null,
              "code": "cy.get('.product_sort_container').select('Name (A to Z)');\ncy.get('.inventory_item_name').then(items => {\n  const names = [...items].map(el => el.innerText);\n  const sorted = [...names].sort();\n  expect(names).to.deep.equal(sorted);\n});",
              "err": {},
              "uuid": "e7c6557a-ad01-4269-976d-b4ce13b31034",
              "parentUUID": "492f4ef3-3e8f-4969-ba5b-049a19e73775",
              "isHook": false,
              "skipped": false
            },
            {
              "title": "Ordenar produtos por preço (baixo para alto)",
              "fullTitle": "Produtos Ordenar produtos por preço (baixo para alto)",
              "timedOut": null,
              "duration": 1215,
              "state": "passed",
              "speed": "fast",
              "pass": true,
              "fail": false,
              "pending": false,
              "context": null,
              "code": "cy.get('.product_sort_container').select('Price (low to high)');\ncy.get('.inventory_item_price').then(items => {\n  const prices = [...items].map(el => parseFloat(el.innerText.replace('$', '')));\n  const sorted = [...prices].sort((a, b) => a - b);\n  expect(prices).to.deep.equal(sorted);\n});",
              "err": {},
              "uuid": "31d9ef65-8275-4234-b24c-7f96ce129fdd",
              "parentUUID": "492f4ef3-3e8f-4969-ba5b-049a19e73775",
              "isHook": false,
              "skipped": false
            }
          ],
          "suites": [],
          "passes": [
            "7548680c-70ae-406a-a492-b883e21bcabd",
            "ed6aca38-c585-493e-9452-7955ca20c2c2",
            "e7c6557a-ad01-4269-976d-b4ce13b31034",
            "31d9ef65-8275-4234-b24c-7f96ce129fdd"
          ],
          "failures": [],
          "pending": [],
          "skipped": [],
          "duration": 4415,
          "root": false,
          "rootEmpty": false,
          "_timeout": 2000
        }
      ],
      "passes": [],
      "failures": [],
      "pending": [],
      "skipped": [],
      "duration": 0,
      "root": true,
      "rootEmpty": true,
      "_timeout": 2000
    }
  ],
  "meta": {
    "mocha": {
      "version": "7.2.0"
    },
    "mochawesome": {
      "options": {
        "quiet": false,
        "reportFilename": "mochawesome",
        "saveHtml": false,
        "saveJson": true,
        "consoleReporter": "spec",
        "useInlineDiffs": false,
        "code": true
      },
      "version": "7.1.3"
    },
    "marge": {
      "options": {
        "reportDir": "cypress/reports",
        "overwrite": false,
        "html": false,
        "json": true
      },
      "version": "6.2.0"
    }
  }
}