{
  "stats": {
    "suites": 1,
    "tests": 3,
    "passes": 2,
    "pending": 0,
    "failures": 1,
    "start": "2025-06-26T14:50:16.544Z",
    "end": "2025-06-26T14:50:24.421Z",
    "duration": 7877,
    "testsRegistered": 3,
    "passPercent": 66.66666666666666,
    "pendingPercent": 0,
    "other": 0,
    "hasOther": false,
    "skipped": 0,
    "hasSkipped": false
  },
  "results": [
    {
      "uuid": "ed0cd127-6fde-47d9-83e1-5850e51e8631",
      "title": "",
      "fullFile": "cypress/e2e/login.cy.js",
      "file": "cypress/e2e/login.cy.js",
      "beforeHooks": [],
      "afterHooks": [],
      "tests": [],
      "suites": [
        {
          "uuid": "f9b65237-342e-49f0-9898-743ddacf0756",
          "title": "Login e Logout",
          "fullFile": "",
          "file": "",
          "beforeHooks": [],
          "afterHooks": [],
          "tests": [
            {
              "title": "Login com credenciais corretas",
              "fullTitle": "Login e Logout Login com credenciais corretas",
              "timedOut": null,
              "duration": 1707,
              "state": "passed",
              "speed": "fast",
              "pass": true,
              "fail": false,
              "pending": false,
              "context": null,
              "code": "cy.visit(url);\ncy.get('#user-name').type('standard_user');\ncy.get('#password').type('secret_sauce');\ncy.get('#login-button').click();\ncy.url().should('include', '/inventory.html');",
              "err": {},
              "uuid": "6f01e861-a76a-4d84-aa98-674436d3974a",
              "parentUUID": "f9b65237-342e-49f0-9898-743ddacf0756",
              "isHook": false,
              "skipped": false
            },
            {
              "title": "Login com credenciais incorretas",
              "fullTitle": "Login e Logout Login com credenciais incorretas",
              "timedOut": null,
              "duration": 795,
              "state": "passed",
              "speed": "fast",
              "pass": true,
              "fail": false,
              "pending": false,
              "context": null,
              "code": "cy.visit(url);\ncy.get('#user-name').type('usuario_invalido');\ncy.get('#password').type('senha_invalida');\ncy.get('#login-button').click();\ncy.get('[data-test=\"error\"]').should('be.visible');",
              "err": {},
              "uuid": "f519ed07-f0d5-44d0-a624-a5ba6ca19a39",
              "parentUUID": "f9b65237-342e-49f0-9898-743ddacf0756",
              "isHook": false,
              "skipped": false
            },
            {
              "title": "Logout após login",
              "fullTitle": "Login e Logout Logout após login",
              "timedOut": null,
              "duration": 5303,
              "state": "failed",
              "speed": null,
              "pass": false,
              "fail": true,
              "pending": false,
              "context": null,
              "code": "cy.visit(url);\ncy.get('#user-name').type('standard_user');\ncy.get('#password').type('secret_sauce');\ncy.get('#login-button').click();\ncy.get('.bm-burger-button > button').click(); // abre menu lateral\ncy.get('#logout_sidebar_link').click();\ncy.url().should('eq', url);",
              "err": {
                "message": "AssertionError: Timed out retrying after 4000ms: expected 'https://www.saucedemo.com/v1/index.html' to equal 'https://www.saucedemo.com/v1/'",
                "estack": "AssertionError: Timed out retrying after 4000ms: expected 'https://www.saucedemo.com/v1/index.html' to equal 'https://www.saucedemo.com/v1/'\n    at Context.eval (webpack:///./cypress/e2e/login.cy.js:27:15)",
                "diff": "- 'https://www.saucedemo.com/v1/index.html'\n+ 'https://www.saucedemo.com/v1/'\n"
              },
              "uuid": "56df64d1-b497-49dd-b1b2-f8d7247aa88f",
              "parentUUID": "f9b65237-342e-49f0-9898-743ddacf0756",
              "isHook": false,
              "skipped": false
            }
          ],
          "suites": [],
          "passes": [
            "6f01e861-a76a-4d84-aa98-674436d3974a",
            "f519ed07-f0d5-44d0-a624-a5ba6ca19a39"
          ],
          "failures": [
            "56df64d1-b497-49dd-b1b2-f8d7247aa88f"
          ],
          "pending": [],
          "skipped": [],
          "duration": 7805,
          "root": false,
          "rootEmpty": false,
          "_timeout": 2000
        }
      ],
      "passes": [],
      "failures": [],
      "pending": [],
      "skipped": [],
      "duration": 0,
      "root": true,
      "rootEmpty": true,
      "_timeout": 2000
    }
  ],
  "meta": {
    "mocha": {
      "version": "7.2.0"
    },
    "mochawesome": {
      "options": {
        "quiet": false,
        "reportFilename": "mochawesome",
        "saveHtml": false,
        "saveJson": true,
        "consoleReporter": "spec",
        "useInlineDiffs": false,
        "code": true
      },
      "version": "7.1.3"
    },
    "marge": {
      "options": {
        "reportDir": "cypress/reports",
        "overwrite": false,
        "html": false,
        "json": true
      },
      "version": "6.2.0"
    }
  }
}