{
  "stats": {
    "suites": 1,
    "tests": 3,
    "passes": 3,
    "pending": 0,
    "failures": 0,
    "start": "2025-06-26T14:50:00.008Z",
    "end": "2025-06-26T14:50:04.106Z",
    "duration": 4098,
    "testsRegistered": 3,
    "passPercent": 100,
    "pendingPercent": 0,
    "other": 0,
    "hasOther": false,
    "skipped": 0,
    "hasSkipped": false
  },
  "results": [
    {
      "uuid": "cb68d3f2-fc79-4aac-8cbb-3df07bba311b",
      "title": "",
      "fullFile": "cypress/e2e/carrinho.cy.js",
      "file": "cypress/e2e/carrinho.cy.js",
      "beforeHooks": [],
      "afterHooks": [],
      "tests": [],
      "suites": [
        {
          "uuid": "7ba34785-4ff8-4352-af52-444845083e70",
          "title": "Carrinho de compras",
          "fullFile": "",
          "file": "",
          "beforeHooks": [],
          "afterHooks": [],
          "tests": [
            {
              "title": "Adicionar produto ao carrinho",
              "fullTitle": "Carrinho de compras Adicionar produto ao carrinho",
              "timedOut": null,
              "duration": 2098,
              "state": "passed",
              "speed": "fast",
              "pass": true,
              "fail": false,
              "pending": false,
              "context": null,
              "code": "cy.get('.btn_inventory').first().click();\ncy.get('.shopping_cart_badge').should('contain', '1');",
              "err": {},
              "uuid": "e0be8b0f-2188-42a6-8ffa-b8e0217b622c",
              "parentUUID": "7ba34785-4ff8-4352-af52-444845083e70",
              "isHook": false,
              "skipped": false
            },
            {
              "title": "Remover produto do carrinho",
              "fullTitle": "Carrinho de compras Remover produto do carrinho",
              "timedOut": null,
              "duration": 931,
              "state": "passed",
              "speed": "fast",
              "pass": true,
              "fail": false,
              "pending": false,
              "context": null,
              "code": "cy.get('.btn_inventory').first().click();\ncy.get('.btn_secondary').first().click();\ncy.get('.shopping_cart_badge').should('not.exist');",
              "err": {},
              "uuid": "34386c29-bc80-4c9e-9a29-6a7977e191a5",
              "parentUUID": "7ba34785-4ff8-4352-af52-444845083e70",
              "isHook": false,
              "skipped": false
            },
            {
              "title": "Validar produtos adicionados",
              "fullTitle": "Carrinho de compras Validar produtos adicionados",
              "timedOut": null,
              "duration": 1017,
              "state": "passed",
              "speed": "fast",
              "pass": true,
              "fail": false,
              "pending": false,
              "context": null,
              "code": "cy.get('.btn_inventory').eq(0).click();\ncy.get('.btn_inventory').eq(1).click();\ncy.get('.shopping_cart_link').click();\ncy.get('.cart_item').should('have.length', 2);",
              "err": {},
              "uuid": "90d27c9b-4a07-4623-8d68-446e36ceb776",
              "parentUUID": "7ba34785-4ff8-4352-af52-444845083e70",
              "isHook": false,
              "skipped": false
            }
          ],
          "suites": [],
          "passes": [
            "e0be8b0f-2188-42a6-8ffa-b8e0217b622c",
            "34386c29-bc80-4c9e-9a29-6a7977e191a5",
            "90d27c9b-4a07-4623-8d68-446e36ceb776"
          ],
          "failures": [],
          "pending": [],
          "skipped": [],
          "duration": 4046,
          "root": false,
          "rootEmpty": false,
          "_timeout": 2000
        }
      ],
      "passes": [],
      "failures": [],
      "pending": [],
      "skipped": [],
      "duration": 0,
      "root": true,
      "rootEmpty": true,
      "_timeout": 2000
    }
  ],
  "meta": {
    "mocha": {
      "version": "7.2.0"
    },
    "mochawesome": {
      "options": {
        "quiet": false,
        "reportFilename": "mochawesome",
        "saveHtml": false,
        "saveJson": true,
        "consoleReporter": "spec",
        "useInlineDiffs": false,
        "code": true
      },
      "version": "7.1.3"
    },
    "marge": {
      "options": {
        "reportDir": "cypress/reports",
        "overwrite": false,
        "html": false,
        "json": true
      },
      "version": "6.2.0"
    }
  }
}