{
  "stats": {
    "suites": 1,
    "tests": 3,
    "passes": 2,
    "pending": 0,
    "failures": 1,
    "start": "2025-06-26T14:18:18.736Z",
    "end": "2025-06-26T14:18:29.437Z",
    "duration": 10701,
    "testsRegistered": 3,
    "passPercent": 66.66666666666666,
    "pendingPercent": 0,
    "other": 0,
    "hasOther": false,
    "skipped": 0,
    "hasSkipped": false
  },
  "results": [
    {
      "uuid": "c20fef62-81bb-416f-abf6-d4bf23b7ba6f",
      "title": "",
      "fullFile": "cypress/e2e/checkout.cy.js",
      "file": "cypress/e2e/checkout.cy.js",
      "beforeHooks": [],
      "afterHooks": [],
      "tests": [],
      "suites": [
        {
          "uuid": "a22ff9e8-399d-4db9-af54-74cb7cf6952d",
          "title": "Checkout",
          "fullFile": "",
          "file": "",
          "beforeHooks": [],
          "afterHooks": [],
          "tests": [
            {
              "title": "Preencher dados obrigatórios e continuar",
              "fullTitle": "Checkout Preencher dados obrigatórios e continuar",
              "timedOut": null,
              "duration": 2892,
              "state": "passed",
              "speed": "fast",
              "pass": true,
              "fail": false,
              "pending": false,
              "context": null,
              "code": "cy.get('#first-name').type('Igor');\ncy.get('#last-name').type('Brandao');\ncy.get('#postal-code').type('70300-000');\ncy.get('.cart_button').click();\ncy.url().should('include', 'checkout-step-two');",
              "err": {},
              "uuid": "266ed295-0e20-425d-aad4-d67383607f7f",
              "parentUUID": "a22ff9e8-399d-4db9-af54-74cb7cf6952d",
              "isHook": false,
              "skipped": false
            },
            {
              "title": "Validar resumo da compra",
              "fullTitle": "Checkout Validar resumo da compra",
              "timedOut": null,
              "duration": 1823,
              "state": "passed",
              "speed": "fast",
              "pass": true,
              "fail": false,
              "pending": false,
              "context": null,
              "code": "cy.get('#first-name').type('Igor');\ncy.get('#last-name').type('Brandao');\ncy.get('#postal-code').type('70300-000');\ncy.get('.cart_button').click();\ncy.get('.summary_info').should('be.visible');",
              "err": {},
              "uuid": "4eaa1bd0-c596-41fa-a2ef-640dcff335c2",
              "parentUUID": "a22ff9e8-399d-4db9-af54-74cb7cf6952d",
              "isHook": false,
              "skipped": false
            },
            {
              "title": "Finalizar compra com sucesso",
              "fullTitle": "Checkout Finalizar compra com sucesso",
              "timedOut": null,
              "duration": 5905,
              "state": "failed",
              "speed": null,
              "pass": false,
              "fail": true,
              "pending": false,
              "context": null,
              "code": "cy.get('#first-name').type('Igor');\ncy.get('#last-name').type('Brandao');\ncy.get('#postal-code').type('70300-000');\ncy.get('.cart_button').click();\ncy.get('.cart_button').contains('Finish').click();\ncy.get('.complete-header').should('contain', 'THANK YOU FOR YOUR ORDER');",
              "err": {
                "message": "AssertionError: Timed out retrying after 4000ms: Expected to find content: 'Finish' within the element: <a.btn_action.cart_button> but never did.",
                "estack": "AssertionError: Timed out retrying after 4000ms: Expected to find content: 'Finish' within the element: <a.btn_action.cart_button> but never did.\n    at Context.eval (webpack:///./cypress/e2e/checkout.cy.js:33:29)",
                "diff": null
              },
              "uuid": "b2609d34-c6d7-4eaa-bea2-d34d8457e0ec",
              "parentUUID": "a22ff9e8-399d-4db9-af54-74cb7cf6952d",
              "isHook": false,
              "skipped": false
            }
          ],
          "suites": [],
          "passes": [
            "266ed295-0e20-425d-aad4-d67383607f7f",
            "4eaa1bd0-c596-41fa-a2ef-640dcff335c2"
          ],
          "failures": [
            "b2609d34-c6d7-4eaa-bea2-d34d8457e0ec"
          ],
          "pending": [],
          "skipped": [],
          "duration": 10620,
          "root": false,
          "rootEmpty": false,
          "_timeout": 2000
        }
      ],
      "passes": [],
      "failures": [],
      "pending": [],
      "skipped": [],
      "duration": 0,
      "root": true,
      "rootEmpty": true,
      "_timeout": 2000
    }
  ],
  "meta": {
    "mocha": {
      "version": "7.2.0"
    },
    "mochawesome": {
      "options": {
        "quiet": false,
        "reportFilename": "mochawesome",
        "saveHtml": false,
        "saveJson": true,
        "consoleReporter": "spec",
        "useInlineDiffs": false,
        "code": true
      },
      "version": "7.1.3"
    },
    "marge": {
      "options": {
        "reportDir": "cypress/reports",
        "overwrite": false,
        "html": false,
        "json": true
      },
      "version": "6.2.0"
    }
  }
}