{
  "stats": {
    "suites": 1,
    "tests": 3,
    "passes": 3,
    "pending": 0,
    "failures": 0,
    "start": "2025-06-27T15:00:47.056Z",
    "end": "2025-06-27T15:00:53.743Z",
    "duration": 6687,
    "testsRegistered": 3,
    "passPercent": 100,
    "pendingPercent": 0,
    "other": 0,
    "hasOther": false,
    "skipped": 0,
    "hasSkipped": false
  },
  "results": [
    {
      "uuid": "d3a7b4af-93f4-4841-bf23-b449e40f21f9",
      "title": "",
      "fullFile": "cypress/e2e/checkout.cy.js",
      "file": "cypress/e2e/checkout.cy.js",
      "beforeHooks": [],
      "afterHooks": [],
      "tests": [],
      "suites": [
        {
          "uuid": "d20fd69e-03e7-457c-932d-c576e7627e4f",
          "title": "Checkout",
          "fullFile": "",
          "file": "",
          "beforeHooks": [],
          "afterHooks": [],
          "tests": [
            {
              "title": "Preencher dados obrigatórios e continuar",
              "fullTitle": "Checkout Preencher dados obrigatórios e continuar",
              "timedOut": null,
              "duration": 2895,
              "state": "passed",
              "speed": "fast",
              "pass": true,
              "fail": false,
              "pending": false,
              "context": null,
              "code": "cy.get('#first-name').type('Igor');\ncy.get('#last-name').type('Brandao');\ncy.get('#postal-code').type('70300-000');\ncy.get('.cart_button').click();\ncy.url().should('include', 'checkout-step-two');",
              "err": {},
              "uuid": "9e3cba81-a1a3-40da-9e7c-5d9e661ba665",
              "parentUUID": "d20fd69e-03e7-457c-932d-c576e7627e4f",
              "isHook": false,
              "skipped": false
            },
            {
              "title": "Validar resumo da compra",
              "fullTitle": "Checkout Validar resumo da compra",
              "timedOut": null,
              "duration": 1791,
              "state": "passed",
              "speed": "fast",
              "pass": true,
              "fail": false,
              "pending": false,
              "context": null,
              "code": "cy.get('#first-name').type('Igor');\ncy.get('#last-name').type('Brandao');\ncy.get('#postal-code').type('70300-000');\ncy.get('.cart_button').click();\ncy.get('.summary_info').should('be.visible');",
              "err": {},
              "uuid": "12996170-e0d4-4b03-ba6d-8eb393a31591",
              "parentUUID": "d20fd69e-03e7-457c-932d-c576e7627e4f",
              "isHook": false,
              "skipped": false
            },
            {
              "title": "Finalizar compra com sucesso",
              "fullTitle": "Checkout Finalizar compra com sucesso",
              "timedOut": null,
              "duration": 1958,
              "state": "passed",
              "speed": "fast",
              "pass": true,
              "fail": false,
              "pending": false,
              "context": null,
              "code": "cy.get('#first-name').type('Flavio');\ncy.get('#last-name').type('Benatti');\ncy.get('#postal-code').type('12345-678');\ncy.get('[value=\"CONTINUE\"]').click();\ncy.contains('Payment Information').should('be.visible');\ncy.contains('Item total:').should('be.visible');\n// Clicar no link com texto 'FINISH' como no Robot\ncy.contains('a', 'FINISH').click();\n// Validar mensagem de sucesso\ncy.contains('THANK YOU FOR YOUR ORDER').should('be.visible');",
              "err": {},
              "uuid": "2313606f-bd81-43f5-984d-835fe655d92c",
              "parentUUID": "d20fd69e-03e7-457c-932d-c576e7627e4f",
              "isHook": false,
              "skipped": false
            }
          ],
          "suites": [],
          "passes": [
            "9e3cba81-a1a3-40da-9e7c-5d9e661ba665",
            "12996170-e0d4-4b03-ba6d-8eb393a31591",
            "2313606f-bd81-43f5-984d-835fe655d92c"
          ],
          "failures": [],
          "pending": [],
          "skipped": [],
          "duration": 6644,
          "root": false,
          "rootEmpty": false,
          "_timeout": 2000
        }
      ],
      "passes": [],
      "failures": [],
      "pending": [],
      "skipped": [],
      "duration": 0,
      "root": true,
      "rootEmpty": true,
      "_timeout": 2000
    }
  ],
  "meta": {
    "mocha": {
      "version": "7.2.0"
    },
    "mochawesome": {
      "options": {
        "quiet": false,
        "reportFilename": "mochawesome",
        "saveHtml": false,
        "saveJson": true,
        "consoleReporter": "spec",
        "useInlineDiffs": false,
        "code": true
      },
      "version": "7.1.3"
    },
    "marge": {
      "options": {
        "reportDir": "cypress/reports",
        "overwrite": false,
        "html": false,
        "json": true
      },
      "version": "6.2.0"
    }
  }
}