{
  "stats": {
    "suites": 1,
    "tests": 3,
    "passes": 2,
    "pending": 0,
    "failures": 1,
    "start": "2025-06-26T14:50:05.075Z",
    "end": "2025-06-26T14:50:15.583Z",
    "duration": 10508,
    "testsRegistered": 3,
    "passPercent": 66.66666666666666,
    "pendingPercent": 0,
    "other": 0,
    "hasOther": false,
    "skipped": 0,
    "hasSkipped": false
  },
  "results": [
    {
      "uuid": "66c52177-25da-48d7-b308-7e86e5ab24ae",
      "title": "",
      "fullFile": "cypress/e2e/checkout.cy.js",
      "file": "cypress/e2e/checkout.cy.js",
      "beforeHooks": [],
      "afterHooks": [],
      "tests": [],
      "suites": [
        {
          "uuid": "73b4068c-8024-490e-a111-407e6f568033",
          "title": "Checkout",
          "fullFile": "",
          "file": "",
          "beforeHooks": [],
          "afterHooks": [],
          "tests": [
            {
              "title": "Preencher dados obrigatórios e continuar",
              "fullTitle": "Checkout Preencher dados obrigatórios e continuar",
              "timedOut": null,
              "duration": 2826,
              "state": "passed",
              "speed": "fast",
              "pass": true,
              "fail": false,
              "pending": false,
              "context": null,
              "code": "cy.get('#first-name').type('Igor');\ncy.get('#last-name').type('Brandao');\ncy.get('#postal-code').type('70300-000');\ncy.get('.cart_button').click();\ncy.url().should('include', 'checkout-step-two');",
              "err": {},
              "uuid": "c14d7349-717d-4444-8de5-28cb27c2183e",
              "parentUUID": "73b4068c-8024-490e-a111-407e6f568033",
              "isHook": false,
              "skipped": false
            },
            {
              "title": "Validar resumo da compra",
              "fullTitle": "Checkout Validar resumo da compra",
              "timedOut": null,
              "duration": 1808,
              "state": "passed",
              "speed": "fast",
              "pass": true,
              "fail": false,
              "pending": false,
              "context": null,
              "code": "cy.get('#first-name').type('Igor');\ncy.get('#last-name').type('Brandao');\ncy.get('#postal-code').type('70300-000');\ncy.get('.cart_button').click();\ncy.get('.summary_info').should('be.visible');",
              "err": {},
              "uuid": "5b2496ac-c347-43c1-8645-66bde2a0da6e",
              "parentUUID": "73b4068c-8024-490e-a111-407e6f568033",
              "isHook": false,
              "skipped": false
            },
            {
              "title": "Finalizar compra com sucesso",
              "fullTitle": "Checkout Finalizar compra com sucesso",
              "timedOut": null,
              "duration": 5797,
              "state": "failed",
              "speed": null,
              "pass": false,
              "fail": true,
              "pending": false,
              "context": null,
              "code": "cy.get('#first-name').type('Igor');\ncy.get('#last-name').type('Brandao');\ncy.get('#postal-code').type('70300-000');\ncy.get('.cart_button').contains('Continue').click();\ncy.get('.cart_button').contains('Finish').click();\ncy.get('.complete-header').should('contain', 'THANK YOU FOR YOUR ORDER');",
              "err": {
                "message": "AssertionError: Timed out retrying after 4000ms: Expected to find content: 'Continue' within the element: <input.btn_primary.cart_button> but never did.",
                "estack": "AssertionError: Timed out retrying after 4000ms: Expected to find content: 'Continue' within the element: <input.btn_primary.cart_button> but never did.\n    at Context.eval (webpack:///./cypress/e2e/checkout.cy.js:32:29)",
                "diff": null
              },
              "uuid": "5d652a1c-a8e9-4141-ab02-3091538e8e99",
              "parentUUID": "73b4068c-8024-490e-a111-407e6f568033",
              "isHook": false,
              "skipped": false
            }
          ],
          "suites": [],
          "passes": [
            "c14d7349-717d-4444-8de5-28cb27c2183e",
            "5b2496ac-c347-43c1-8645-66bde2a0da6e"
          ],
          "failures": [
            "5d652a1c-a8e9-4141-ab02-3091538e8e99"
          ],
          "pending": [],
          "skipped": [],
          "duration": 10431,
          "root": false,
          "rootEmpty": false,
          "_timeout": 2000
        }
      ],
      "passes": [],
      "failures": [],
      "pending": [],
      "skipped": [],
      "duration": 0,
      "root": true,
      "rootEmpty": true,
      "_timeout": 2000
    }
  ],
  "meta": {
    "mocha": {
      "version": "7.2.0"
    },
    "mochawesome": {
      "options": {
        "quiet": false,
        "reportFilename": "mochawesome",
        "saveHtml": false,
        "saveJson": true,
        "consoleReporter": "spec",
        "useInlineDiffs": false,
        "code": true
      },
      "version": "7.1.3"
    },
    "marge": {
      "options": {
        "reportDir": "cypress/reports",
        "overwrite": false,
        "html": false,
        "json": true
      },
      "version": "6.2.0"
    }
  }
}