{
  "stats": {
    "suites": 1,
    "tests": 4,
    "passes": 4,
    "pending": 0,
    "failures": 0,
    "start": "2025-06-26T14:50:25.443Z",
    "end": "2025-06-26T14:50:29.803Z",
    "duration": 4360,
    "testsRegistered": 4,
    "passPercent": 100,
    "pendingPercent": 0,
    "other": 0,
    "hasOther": false,
    "skipped": 0,
    "hasSkipped": false
  },
  "results": [
    {
      "uuid": "11586d88-c713-4831-ba31-72b4a587e965",
      "title": "",
      "fullFile": "cypress/e2e/produtos.cy.js",
      "file": "cypress/e2e/produtos.cy.js",
      "beforeHooks": [],
      "afterHooks": [],
      "tests": [],
      "suites": [
        {
          "uuid": "d07a08c0-5175-4e7c-bbca-88db4748e48b",
          "title": "Produtos",
          "fullFile": "",
          "file": "",
          "beforeHooks": [],
          "afterHooks": [],
          "tests": [
            {
              "title": "Exibe lista de produtos",
              "fullTitle": "Produtos Exibe lista de produtos",
              "timedOut": null,
              "duration": 1679,
              "state": "passed",
              "speed": "fast",
              "pass": true,
              "fail": false,
              "pending": false,
              "context": null,
              "code": "cy.get('.inventory_item').should('have.length.greaterThan', 0);",
              "err": {},
              "uuid": "652e38b9-1b3b-4901-b901-b52a8928412b",
              "parentUUID": "d07a08c0-5175-4e7c-bbca-88db4748e48b",
              "isHook": false,
              "skipped": false
            },
            {
              "title": "Visualizar detalhes de um produto",
              "fullTitle": "Produtos Visualizar detalhes de um produto",
              "timedOut": null,
              "duration": 853,
              "state": "passed",
              "speed": "fast",
              "pass": true,
              "fail": false,
              "pending": false,
              "context": null,
              "code": "cy.get('.inventory_item').first().find('.inventory_item_name').click();\ncy.get('.inventory_details_name').should('be.visible');\ncy.get('.inventory_details_price').should('be.visible');",
              "err": {},
              "uuid": "d7328113-fdc5-4f29-8754-c3b4a715cb74",
              "parentUUID": "d07a08c0-5175-4e7c-bbca-88db4748e48b",
              "isHook": false,
              "skipped": false
            },
            {
              "title": "Ordenar produtos por nome (A a Z)",
              "fullTitle": "Produtos Ordenar produtos por nome (A a Z)",
              "timedOut": null,
              "duration": 884,
              "state": "passed",
              "speed": "fast",
              "pass": true,
              "fail": false,
              "pending": false,
              "context": null,
              "code": "cy.get('.product_sort_container').select('Name (A to Z)');\ncy.get('.inventory_item_name').then(items => {\n  const names = [...items].map(el => el.innerText);\n  const sorted = [...names].sort();\n  expect(names).to.deep.equal(sorted);\n});",
              "err": {},
              "uuid": "a0ec3a88-344b-4ce8-bfae-7b71ca173ff1",
              "parentUUID": "d07a08c0-5175-4e7c-bbca-88db4748e48b",
              "isHook": false,
              "skipped": false
            },
            {
              "title": "Ordenar produtos por preço (baixo para alto)",
              "fullTitle": "Produtos Ordenar produtos por preço (baixo para alto)",
              "timedOut": null,
              "duration": 870,
              "state": "passed",
              "speed": "fast",
              "pass": true,
              "fail": false,
              "pending": false,
              "context": null,
              "code": "cy.get('.product_sort_container').select('Price (low to high)');\ncy.get('.inventory_item_price').then(items => {\n  const prices = [...items].map(el => parseFloat(el.innerText.replace('$', '')));\n  const sorted = [...prices].sort((a, b) => a - b);\n  expect(prices).to.deep.equal(sorted);\n});",
              "err": {},
              "uuid": "62fce7e2-1376-4960-a804-803be8503fa5",
              "parentUUID": "d07a08c0-5175-4e7c-bbca-88db4748e48b",
              "isHook": false,
              "skipped": false
            }
          ],
          "suites": [],
          "passes": [
            "652e38b9-1b3b-4901-b901-b52a8928412b",
            "d7328113-fdc5-4f29-8754-c3b4a715cb74",
            "a0ec3a88-344b-4ce8-bfae-7b71ca173ff1",
            "62fce7e2-1376-4960-a804-803be8503fa5"
          ],
          "failures": [],
          "pending": [],
          "skipped": [],
          "duration": 4286,
          "root": false,
          "rootEmpty": false,
          "_timeout": 2000
        }
      ],
      "passes": [],
      "failures": [],
      "pending": [],
      "skipped": [],
      "duration": 0,
      "root": true,
      "rootEmpty": true,
      "_timeout": 2000
    }
  ],
  "meta": {
    "mocha": {
      "version": "7.2.0"
    },
    "mochawesome": {
      "options": {
        "quiet": false,
        "reportFilename": "mochawesome",
        "saveHtml": false,
        "saveJson": true,
        "consoleReporter": "spec",
        "useInlineDiffs": false,
        "code": true
      },
      "version": "7.1.3"
    },
    "marge": {
      "options": {
        "reportDir": "cypress/reports",
        "overwrite": false,
        "html": false,
        "json": true
      },
      "version": "6.2.0"
    }
  }
}