{
  "stats": {
    "suites": 4,
    "tests": 13,
    "passes": 11,
    "pending": 0,
    "failures": 2,
    "testsRegistered": 13,
    "passPercent": 84.61538461538461,
    "pendingPercent": 0,
    "other": 0,
    "hasOther": false,
    "skipped": 0,
    "hasSkipped": false,
    "start": "2025-06-26T14:50:00.008Z",
    "end": "2025-06-26T14:50:29.803Z",
    "duration": 29795
  },
  "results": [
    {
      "uuid": "66c52177-25da-48d7-b308-7e86e5ab24ae",
      "title": "",
      "fullFile": "cypress/e2e/checkout.cy.js",
      "file": "cypress/e2e/checkout.cy.js",
      "beforeHooks": [],
      "afterHooks": [],
      "tests": [],
      "suites": [
        {
          "uuid": "73b4068c-8024-490e-a111-407e6f568033",
          "title": "Checkout",
          "fullFile": "",
          "file": "",
          "beforeHooks": [],
          "afterHooks": [],
          "tests": [
            {
              "title": "Preencher dados obrigatórios e continuar",
              "fullTitle": "Checkout Preencher dados obrigatórios e continuar",
              "timedOut": null,
              "duration": 2826,
              "state": "passed",
              "speed": "fast",
              "pass": true,
              "fail": false,
              "pending": false,
              "context": null,
              "code": "cy.get('#first-name').type('Igor');\ncy.get('#last-name').type('Brandao');\ncy.get('#postal-code').type('70300-000');\ncy.get('.cart_button').click();\ncy.url().should('include', 'checkout-step-two');",
              "err": {},
              "uuid": "c14d7349-717d-4444-8de5-28cb27c2183e",
              "parentUUID": "73b4068c-8024-490e-a111-407e6f568033",
              "isHook": false,
              "skipped": false
            },
            {
              "title": "Validar resumo da compra",
              "fullTitle": "Checkout Validar resumo da compra",
              "timedOut": null,
              "duration": 1808,
              "state": "passed",
              "speed": "fast",
              "pass": true,
              "fail": false,
              "pending": false,
              "context": null,
              "code": "cy.get('#first-name').type('Igor');\ncy.get('#last-name').type('Brandao');\ncy.get('#postal-code').type('70300-000');\ncy.get('.cart_button').click();\ncy.get('.summary_info').should('be.visible');",
              "err": {},
              "uuid": "5b2496ac-c347-43c1-8645-66bde2a0da6e",
              "parentUUID": "73b4068c-8024-490e-a111-407e6f568033",
              "isHook": false,
              "skipped": false
            },
            {
              "title": "Finalizar compra com sucesso",
              "fullTitle": "Checkout Finalizar compra com sucesso",
              "timedOut": null,
              "duration": 5797,
              "state": "failed",
              "speed": null,
              "pass": false,
              "fail": true,
              "pending": false,
              "context": null,
              "code": "cy.get('#first-name').type('Igor');\ncy.get('#last-name').type('Brandao');\ncy.get('#postal-code').type('70300-000');\ncy.get('.cart_button').contains('Continue').click();\ncy.get('.cart_button').contains('Finish').click();\ncy.get('.complete-header').should('contain', 'THANK YOU FOR YOUR ORDER');",
              "err": {
                "message": "AssertionError: Timed out retrying after 4000ms: Expected to find content: 'Continue' within the element: <input.btn_primary.cart_button> but never did.",
                "estack": "AssertionError: Timed out retrying after 4000ms: Expected to find content: 'Continue' within the element: <input.btn_primary.cart_button> but never did.\n    at Context.eval (webpack:///./cypress/e2e/checkout.cy.js:32:29)",
                "diff": null
              },
              "uuid": "5d652a1c-a8e9-4141-ab02-3091538e8e99",
              "parentUUID": "73b4068c-8024-490e-a111-407e6f568033",
              "isHook": false,
              "skipped": false
            }
          ],
          "suites": [],
          "passes": [
            "c14d7349-717d-4444-8de5-28cb27c2183e",
            "5b2496ac-c347-43c1-8645-66bde2a0da6e"
          ],
          "failures": [
            "5d652a1c-a8e9-4141-ab02-3091538e8e99"
          ],
          "pending": [],
          "skipped": [],
          "duration": 10431,
          "root": false,
          "rootEmpty": false,
          "_timeout": 2000
        }
      ],
      "passes": [],
      "failures": [],
      "pending": [],
      "skipped": [],
      "duration": 0,
      "root": true,
      "rootEmpty": true,
      "_timeout": 2000
    },
    {
      "uuid": "ed0cd127-6fde-47d9-83e1-5850e51e8631",
      "title": "",
      "fullFile": "cypress/e2e/login.cy.js",
      "file": "cypress/e2e/login.cy.js",
      "beforeHooks": [],
      "afterHooks": [],
      "tests": [],
      "suites": [
        {
          "uuid": "f9b65237-342e-49f0-9898-743ddacf0756",
          "title": "Login e Logout",
          "fullFile": "",
          "file": "",
          "beforeHooks": [],
          "afterHooks": [],
          "tests": [
            {
              "title": "Login com credenciais corretas",
              "fullTitle": "Login e Logout Login com credenciais corretas",
              "timedOut": null,
              "duration": 1707,
              "state": "passed",
              "speed": "fast",
              "pass": true,
              "fail": false,
              "pending": false,
              "context": null,
              "code": "cy.visit(url);\ncy.get('#user-name').type('standard_user');\ncy.get('#password').type('secret_sauce');\ncy.get('#login-button').click();\ncy.url().should('include', '/inventory.html');",
              "err": {},
              "uuid": "6f01e861-a76a-4d84-aa98-674436d3974a",
              "parentUUID": "f9b65237-342e-49f0-9898-743ddacf0756",
              "isHook": false,
              "skipped": false
            },
            {
              "title": "Login com credenciais incorretas",
              "fullTitle": "Login e Logout Login com credenciais incorretas",
              "timedOut": null,
              "duration": 795,
              "state": "passed",
              "speed": "fast",
              "pass": true,
              "fail": false,
              "pending": false,
              "context": null,
              "code": "cy.visit(url);\ncy.get('#user-name').type('usuario_invalido');\ncy.get('#password').type('senha_invalida');\ncy.get('#login-button').click();\ncy.get('[data-test=\"error\"]').should('be.visible');",
              "err": {},
              "uuid": "f519ed07-f0d5-44d0-a624-a5ba6ca19a39",
              "parentUUID": "f9b65237-342e-49f0-9898-743ddacf0756",
              "isHook": false,
              "skipped": false
            },
            {
              "title": "Logout após login",
              "fullTitle": "Login e Logout Logout após login",
              "timedOut": null,
              "duration": 5303,
              "state": "failed",
              "speed": null,
              "pass": false,
              "fail": true,
              "pending": false,
              "context": null,
              "code": "cy.visit(url);\ncy.get('#user-name').type('standard_user');\ncy.get('#password').type('secret_sauce');\ncy.get('#login-button').click();\ncy.get('.bm-burger-button > button').click(); // abre menu lateral\ncy.get('#logout_sidebar_link').click();\ncy.url().should('eq', url);",
              "err": {
                "message": "AssertionError: Timed out retrying after 4000ms: expected 'https://www.saucedemo.com/v1/index.html' to equal 'https://www.saucedemo.com/v1/'",
                "estack": "AssertionError: Timed out retrying after 4000ms: expected 'https://www.saucedemo.com/v1/index.html' to equal 'https://www.saucedemo.com/v1/'\n    at Context.eval (webpack:///./cypress/e2e/login.cy.js:27:15)",
                "diff": "- 'https://www.saucedemo.com/v1/index.html'\n+ 'https://www.saucedemo.com/v1/'\n"
              },
              "uuid": "56df64d1-b497-49dd-b1b2-f8d7247aa88f",
              "parentUUID": "f9b65237-342e-49f0-9898-743ddacf0756",
              "isHook": false,
              "skipped": false
            }
          ],
          "suites": [],
          "passes": [
            "6f01e861-a76a-4d84-aa98-674436d3974a",
            "f519ed07-f0d5-44d0-a624-a5ba6ca19a39"
          ],
          "failures": [
            "56df64d1-b497-49dd-b1b2-f8d7247aa88f"
          ],
          "pending": [],
          "skipped": [],
          "duration": 7805,
          "root": false,
          "rootEmpty": false,
          "_timeout": 2000
        }
      ],
      "passes": [],
      "failures": [],
      "pending": [],
      "skipped": [],
      "duration": 0,
      "root": true,
      "rootEmpty": true,
      "_timeout": 2000
    },
    {
      "uuid": "11586d88-c713-4831-ba31-72b4a587e965",
      "title": "",
      "fullFile": "cypress/e2e/produtos.cy.js",
      "file": "cypress/e2e/produtos.cy.js",
      "beforeHooks": [],
      "afterHooks": [],
      "tests": [],
      "suites": [
        {
          "uuid": "d07a08c0-5175-4e7c-bbca-88db4748e48b",
          "title": "Produtos",
          "fullFile": "",
          "file": "",
          "beforeHooks": [],
          "afterHooks": [],
          "tests": [
            {
              "title": "Exibe lista de produtos",
              "fullTitle": "Produtos Exibe lista de produtos",
              "timedOut": null,
              "duration": 1679,
              "state": "passed",
              "speed": "fast",
              "pass": true,
              "fail": false,
              "pending": false,
              "context": null,
              "code": "cy.get('.inventory_item').should('have.length.greaterThan', 0);",
              "err": {},
              "uuid": "652e38b9-1b3b-4901-b901-b52a8928412b",
              "parentUUID": "d07a08c0-5175-4e7c-bbca-88db4748e48b",
              "isHook": false,
              "skipped": false
            },
            {
              "title": "Visualizar detalhes de um produto",
              "fullTitle": "Produtos Visualizar detalhes de um produto",
              "timedOut": null,
              "duration": 853,
              "state": "passed",
              "speed": "fast",
              "pass": true,
              "fail": false,
              "pending": false,
              "context": null,
              "code": "cy.get('.inventory_item').first().find('.inventory_item_name').click();\ncy.get('.inventory_details_name').should('be.visible');\ncy.get('.inventory_details_price').should('be.visible');",
              "err": {},
              "uuid": "d7328113-fdc5-4f29-8754-c3b4a715cb74",
              "parentUUID": "d07a08c0-5175-4e7c-bbca-88db4748e48b",
              "isHook": false,
              "skipped": false
            },
            {
              "title": "Ordenar produtos por nome (A a Z)",
              "fullTitle": "Produtos Ordenar produtos por nome (A a Z)",
              "timedOut": null,
              "duration": 884,
              "state": "passed",
              "speed": "fast",
              "pass": true,
              "fail": false,
              "pending": false,
              "context": null,
              "code": "cy.get('.product_sort_container').select('Name (A to Z)');\ncy.get('.inventory_item_name').then(items => {\n  const names = [...items].map(el => el.innerText);\n  const sorted = [...names].sort();\n  expect(names).to.deep.equal(sorted);\n});",
              "err": {},
              "uuid": "a0ec3a88-344b-4ce8-bfae-7b71ca173ff1",
              "parentUUID": "d07a08c0-5175-4e7c-bbca-88db4748e48b",
              "isHook": false,
              "skipped": false
            },
            {
              "title": "Ordenar produtos por preço (baixo para alto)",
              "fullTitle": "Produtos Ordenar produtos por preço (baixo para alto)",
              "timedOut": null,
              "duration": 870,
              "state": "passed",
              "speed": "fast",
              "pass": true,
              "fail": false,
              "pending": false,
              "context": null,
              "code": "cy.get('.product_sort_container').select('Price (low to high)');\ncy.get('.inventory_item_price').then(items => {\n  const prices = [...items].map(el => parseFloat(el.innerText.replace('$', '')));\n  const sorted = [...prices].sort((a, b) => a - b);\n  expect(prices).to.deep.equal(sorted);\n});",
              "err": {},
              "uuid": "62fce7e2-1376-4960-a804-803be8503fa5",
              "parentUUID": "d07a08c0-5175-4e7c-bbca-88db4748e48b",
              "isHook": false,
              "skipped": false
            }
          ],
          "suites": [],
          "passes": [
            "652e38b9-1b3b-4901-b901-b52a8928412b",
            "d7328113-fdc5-4f29-8754-c3b4a715cb74",
            "a0ec3a88-344b-4ce8-bfae-7b71ca173ff1",
            "62fce7e2-1376-4960-a804-803be8503fa5"
          ],
          "failures": [],
          "pending": [],
          "skipped": [],
          "duration": 4286,
          "root": false,
          "rootEmpty": false,
          "_timeout": 2000
        }
      ],
      "passes": [],
      "failures": [],
      "pending": [],
      "skipped": [],
      "duration": 0,
      "root": true,
      "rootEmpty": true,
      "_timeout": 2000
    },
    {
      "uuid": "cb68d3f2-fc79-4aac-8cbb-3df07bba311b",
      "title": "",
      "fullFile": "cypress/e2e/carrinho.cy.js",
      "file": "cypress/e2e/carrinho.cy.js",
      "beforeHooks": [],
      "afterHooks": [],
      "tests": [],
      "suites": [
        {
          "uuid": "7ba34785-4ff8-4352-af52-444845083e70",
          "title": "Carrinho de compras",
          "fullFile": "",
          "file": "",
          "beforeHooks": [],
          "afterHooks": [],
          "tests": [
            {
              "title": "Adicionar produto ao carrinho",
              "fullTitle": "Carrinho de compras Adicionar produto ao carrinho",
              "timedOut": null,
              "duration": 2098,
              "state": "passed",
              "speed": "fast",
              "pass": true,
              "fail": false,
              "pending": false,
              "context": null,
              "code": "cy.get('.btn_inventory').first().click();\ncy.get('.shopping_cart_badge').should('contain', '1');",
              "err": {},
              "uuid": "e0be8b0f-2188-42a6-8ffa-b8e0217b622c",
              "parentUUID": "7ba34785-4ff8-4352-af52-444845083e70",
              "isHook": false,
              "skipped": false
            },
            {
              "title": "Remover produto do carrinho",
              "fullTitle": "Carrinho de compras Remover produto do carrinho",
              "timedOut": null,
              "duration": 931,
              "state": "passed",
              "speed": "fast",
              "pass": true,
              "fail": false,
              "pending": false,
              "context": null,
              "code": "cy.get('.btn_inventory').first().click();\ncy.get('.btn_secondary').first().click();\ncy.get('.shopping_cart_badge').should('not.exist');",
              "err": {},
              "uuid": "34386c29-bc80-4c9e-9a29-6a7977e191a5",
              "parentUUID": "7ba34785-4ff8-4352-af52-444845083e70",
              "isHook": false,
              "skipped": false
            },
            {
              "title": "Validar produtos adicionados",
              "fullTitle": "Carrinho de compras Validar produtos adicionados",
              "timedOut": null,
              "duration": 1017,
              "state": "passed",
              "speed": "fast",
              "pass": true,
              "fail": false,
              "pending": false,
              "context": null,
              "code": "cy.get('.btn_inventory').eq(0).click();\ncy.get('.btn_inventory').eq(1).click();\ncy.get('.shopping_cart_link').click();\ncy.get('.cart_item').should('have.length', 2);",
              "err": {},
              "uuid": "90d27c9b-4a07-4623-8d68-446e36ceb776",
              "parentUUID": "7ba34785-4ff8-4352-af52-444845083e70",
              "isHook": false,
              "skipped": false
            }
          ],
          "suites": [],
          "passes": [
            "e0be8b0f-2188-42a6-8ffa-b8e0217b622c",
            "34386c29-bc80-4c9e-9a29-6a7977e191a5",
            "90d27c9b-4a07-4623-8d68-446e36ceb776"
          ],
          "failures": [],
          "pending": [],
          "skipped": [],
          "duration": 4046,
          "root": false,
          "rootEmpty": false,
          "_timeout": 2000
        }
      ],
      "passes": [],
      "failures": [],
      "pending": [],
      "skipped": [],
      "duration": 0,
      "root": true,
      "rootEmpty": true,
      "_timeout": 2000
    }
  ],
  "meta": {
    "mocha": {
      "version": "7.2.0"
    },
    "mochawesome": {
      "options": {
        "quiet": false,
        "reportFilename": "mochawesome",
        "saveHtml": false,
        "saveJson": true,
        "consoleReporter": "spec",
        "useInlineDiffs": false,
        "code": true
      },
      "version": "7.1.3"
    },
    "marge": {
      "options": {
        "reportDir": "cypress/reports",
        "overwrite": false,
        "html": false,
        "json": true
      },
      "version": "6.2.0"
    }
  }
}