{
  "stats": {
    "suites": 4,
    "tests": 13,
    "passes": 11,
    "pending": 0,
    "failures": 2,
    "testsRegistered": 13,
    "passPercent": 84.61538461538461,
    "pendingPercent": 0,
    "other": 0,
    "hasOther": false,
    "skipped": 0,
    "hasSkipped": false,
    "start": "2025-06-26T14:18:12.781Z",
    "end": "2025-06-26T14:18:43.931Z",
    "duration": 31150
  },
  "results": [
    {
      "uuid": "c20fef62-81bb-416f-abf6-d4bf23b7ba6f",
      "title": "",
      "fullFile": "cypress/e2e/checkout.cy.js",
      "file": "cypress/e2e/checkout.cy.js",
      "beforeHooks": [],
      "afterHooks": [],
      "tests": [],
      "suites": [
        {
          "uuid": "a22ff9e8-399d-4db9-af54-74cb7cf6952d",
          "title": "Checkout",
          "fullFile": "",
          "file": "",
          "beforeHooks": [],
          "afterHooks": [],
          "tests": [
            {
              "title": "Preencher dados obrigatórios e continuar",
              "fullTitle": "Checkout Preencher dados obrigatórios e continuar",
              "timedOut": null,
              "duration": 2892,
              "state": "passed",
              "speed": "fast",
              "pass": true,
              "fail": false,
              "pending": false,
              "context": null,
              "code": "cy.get('#first-name').type('Igor');\ncy.get('#last-name').type('Brandao');\ncy.get('#postal-code').type('70300-000');\ncy.get('.cart_button').click();\ncy.url().should('include', 'checkout-step-two');",
              "err": {},
              "uuid": "266ed295-0e20-425d-aad4-d67383607f7f",
              "parentUUID": "a22ff9e8-399d-4db9-af54-74cb7cf6952d",
              "isHook": false,
              "skipped": false
            },
            {
              "title": "Validar resumo da compra",
              "fullTitle": "Checkout Validar resumo da compra",
              "timedOut": null,
              "duration": 1823,
              "state": "passed",
              "speed": "fast",
              "pass": true,
              "fail": false,
              "pending": false,
              "context": null,
              "code": "cy.get('#first-name').type('Igor');\ncy.get('#last-name').type('Brandao');\ncy.get('#postal-code').type('70300-000');\ncy.get('.cart_button').click();\ncy.get('.summary_info').should('be.visible');",
              "err": {},
              "uuid": "4eaa1bd0-c596-41fa-a2ef-640dcff335c2",
              "parentUUID": "a22ff9e8-399d-4db9-af54-74cb7cf6952d",
              "isHook": false,
              "skipped": false
            },
            {
              "title": "Finalizar compra com sucesso",
              "fullTitle": "Checkout Finalizar compra com sucesso",
              "timedOut": null,
              "duration": 5905,
              "state": "failed",
              "speed": null,
              "pass": false,
              "fail": true,
              "pending": false,
              "context": null,
              "code": "cy.get('#first-name').type('Igor');\ncy.get('#last-name').type('Brandao');\ncy.get('#postal-code').type('70300-000');\ncy.get('.cart_button').click();\ncy.get('.cart_button').contains('Finish').click();\ncy.get('.complete-header').should('contain', 'THANK YOU FOR YOUR ORDER');",
              "err": {
                "message": "AssertionError: Timed out retrying after 4000ms: Expected to find content: 'Finish' within the element: <a.btn_action.cart_button> but never did.",
                "estack": "AssertionError: Timed out retrying after 4000ms: Expected to find content: 'Finish' within the element: <a.btn_action.cart_button> but never did.\n    at Context.eval (webpack:///./cypress/e2e/checkout.cy.js:33:29)",
                "diff": null
              },
              "uuid": "b2609d34-c6d7-4eaa-bea2-d34d8457e0ec",
              "parentUUID": "a22ff9e8-399d-4db9-af54-74cb7cf6952d",
              "isHook": false,
              "skipped": false
            }
          ],
          "suites": [],
          "passes": [
            "266ed295-0e20-425d-aad4-d67383607f7f",
            "4eaa1bd0-c596-41fa-a2ef-640dcff335c2"
          ],
          "failures": [
            "b2609d34-c6d7-4eaa-bea2-d34d8457e0ec"
          ],
          "pending": [],
          "skipped": [],
          "duration": 10620,
          "root": false,
          "rootEmpty": false,
          "_timeout": 2000
        }
      ],
      "passes": [],
      "failures": [],
      "pending": [],
      "skipped": [],
      "duration": 0,
      "root": true,
      "rootEmpty": true,
      "_timeout": 2000
    },
    {
      "uuid": "c8160790-49ca-4d97-b498-ff62a6699a2b",
      "title": "",
      "fullFile": "cypress/e2e/login.cy.js",
      "file": "cypress/e2e/login.cy.js",
      "beforeHooks": [],
      "afterHooks": [],
      "tests": [],
      "suites": [
        {
          "uuid": "69418862-240d-46f2-80b9-26deb025eb73",
          "title": "Login e Logout",
          "fullFile": "",
          "file": "",
          "beforeHooks": [],
          "afterHooks": [],
          "tests": [
            {
              "title": "Login com credenciais corretas",
              "fullTitle": "Login e Logout Login com credenciais corretas",
              "timedOut": null,
              "duration": 1519,
              "state": "passed",
              "speed": "fast",
              "pass": true,
              "fail": false,
              "pending": false,
              "context": null,
              "code": "cy.visit(url);\ncy.get('#user-name').type('standard_user');\ncy.get('#password').type('secret_sauce');\ncy.get('#login-button').click();\ncy.url().should('include', '/inventory.html');",
              "err": {},
              "uuid": "25994c0c-3104-44ff-b4ba-ed4eb02fd6ba",
              "parentUUID": "69418862-240d-46f2-80b9-26deb025eb73",
              "isHook": false,
              "skipped": false
            },
            {
              "title": "Login com credenciais incorretas",
              "fullTitle": "Login e Logout Login com credenciais incorretas",
              "timedOut": null,
              "duration": 788,
              "state": "passed",
              "speed": "fast",
              "pass": true,
              "fail": false,
              "pending": false,
              "context": null,
              "code": "cy.visit(url);\ncy.get('#user-name').type('usuario_invalido');\ncy.get('#password').type('senha_invalida');\ncy.get('#login-button').click();\ncy.get('[data-test=\"error\"]').should('be.visible');",
              "err": {},
              "uuid": "b9eefbab-3f20-427a-b945-29f57cfb5d68",
              "parentUUID": "69418862-240d-46f2-80b9-26deb025eb73",
              "isHook": false,
              "skipped": false
            },
            {
              "title": "Logout após login",
              "fullTitle": "Login e Logout Logout após login",
              "timedOut": null,
              "duration": 5413,
              "state": "failed",
              "speed": null,
              "pass": false,
              "fail": true,
              "pending": false,
              "context": null,
              "code": "cy.visit(url);\ncy.get('#user-name').type('standard_user');\ncy.get('#password').type('secret_sauce');\ncy.get('#login-button').click();\ncy.get('.bm-burger-button > button').click(); // abre menu lateral\ncy.get('#logout_sidebar_link').click();\ncy.url().should('eq', url);",
              "err": {
                "message": "AssertionError: Timed out retrying after 4000ms: expected 'https://www.saucedemo.com/v1/index.html' to equal 'https://www.saucedemo.com/v1/'",
                "estack": "AssertionError: Timed out retrying after 4000ms: expected 'https://www.saucedemo.com/v1/index.html' to equal 'https://www.saucedemo.com/v1/'\n    at Context.eval (webpack:///./cypress/e2e/login.cy.js:27:15)",
                "diff": "- 'https://www.saucedemo.com/v1/index.html'\n+ 'https://www.saucedemo.com/v1/'\n"
              },
              "uuid": "004c4555-a878-49c0-9b0d-ea6a1222f07b",
              "parentUUID": "69418862-240d-46f2-80b9-26deb025eb73",
              "isHook": false,
              "skipped": false
            }
          ],
          "suites": [],
          "passes": [
            "25994c0c-3104-44ff-b4ba-ed4eb02fd6ba",
            "b9eefbab-3f20-427a-b945-29f57cfb5d68"
          ],
          "failures": [
            "004c4555-a878-49c0-9b0d-ea6a1222f07b"
          ],
          "pending": [],
          "skipped": [],
          "duration": 7720,
          "root": false,
          "rootEmpty": false,
          "_timeout": 2000
        }
      ],
      "passes": [],
      "failures": [],
      "pending": [],
      "skipped": [],
      "duration": 0,
      "root": true,
      "rootEmpty": true,
      "_timeout": 2000
    },
    {
      "uuid": "b4ea5aa9-58c0-4013-b86f-8a931c64804c",
      "title": "",
      "fullFile": "cypress/e2e/produtos.cy.js",
      "file": "cypress/e2e/produtos.cy.js",
      "beforeHooks": [],
      "afterHooks": [],
      "tests": [],
      "suites": [
        {
          "uuid": "427333b2-0128-4d29-96e6-4bf2ca2b09b3",
          "title": "Produtos",
          "fullFile": "",
          "file": "",
          "beforeHooks": [],
          "afterHooks": [],
          "tests": [
            {
              "title": "Exibe lista de produtos",
              "fullTitle": "Produtos Exibe lista de produtos",
              "timedOut": null,
              "duration": 1395,
              "state": "passed",
              "speed": "fast",
              "pass": true,
              "fail": false,
              "pending": false,
              "context": null,
              "code": "cy.get('.inventory_item').should('have.length.greaterThan', 0);",
              "err": {},
              "uuid": "f89e8442-7bb7-4242-96fd-cf6f5cdf2b5f",
              "parentUUID": "427333b2-0128-4d29-96e6-4bf2ca2b09b3",
              "isHook": false,
              "skipped": false
            },
            {
              "title": "Visualizar detalhes de um produto",
              "fullTitle": "Produtos Visualizar detalhes de um produto",
              "timedOut": null,
              "duration": 1009,
              "state": "passed",
              "speed": "fast",
              "pass": true,
              "fail": false,
              "pending": false,
              "context": null,
              "code": "cy.get('.inventory_item').first().find('.inventory_item_name').click();\ncy.get('.inventory_details_name').should('be.visible');\ncy.get('.inventory_details_price').should('be.visible');",
              "err": {},
              "uuid": "5dc27e6a-bb39-4424-8627-7436a15efc63",
              "parentUUID": "427333b2-0128-4d29-96e6-4bf2ca2b09b3",
              "isHook": false,
              "skipped": false
            },
            {
              "title": "Ordenar produtos por nome (A a Z)",
              "fullTitle": "Produtos Ordenar produtos por nome (A a Z)",
              "timedOut": null,
              "duration": 908,
              "state": "passed",
              "speed": "fast",
              "pass": true,
              "fail": false,
              "pending": false,
              "context": null,
              "code": "cy.get('.product_sort_container').select('Name (A to Z)');\ncy.get('.inventory_item_name').then(items => {\n  const names = [...items].map(el => el.innerText);\n  const sorted = [...names].sort();\n  expect(names).to.deep.equal(sorted);\n});",
              "err": {},
              "uuid": "9724fb6b-547a-4b4c-a2a6-ca4a8619910e",
              "parentUUID": "427333b2-0128-4d29-96e6-4bf2ca2b09b3",
              "isHook": false,
              "skipped": false
            },
            {
              "title": "Ordenar produtos por preço (baixo para alto)",
              "fullTitle": "Produtos Ordenar produtos por preço (baixo para alto)",
              "timedOut": null,
              "duration": 1289,
              "state": "passed",
              "speed": "fast",
              "pass": true,
              "fail": false,
              "pending": false,
              "context": null,
              "code": "cy.get('.product_sort_container').select('Price (low to high)');\ncy.get('.inventory_item_price').then(items => {\n  const prices = [...items].map(el => parseFloat(el.innerText.replace('$', '')));\n  const sorted = [...prices].sort((a, b) => a - b);\n  expect(prices).to.deep.equal(sorted);\n});",
              "err": {},
              "uuid": "db6c6051-8d35-464b-821f-e2b6552cb925",
              "parentUUID": "427333b2-0128-4d29-96e6-4bf2ca2b09b3",
              "isHook": false,
              "skipped": false
            }
          ],
          "suites": [],
          "passes": [
            "f89e8442-7bb7-4242-96fd-cf6f5cdf2b5f",
            "5dc27e6a-bb39-4424-8627-7436a15efc63",
            "9724fb6b-547a-4b4c-a2a6-ca4a8619910e",
            "db6c6051-8d35-464b-821f-e2b6552cb925"
          ],
          "failures": [],
          "pending": [],
          "skipped": [],
          "duration": 4601,
          "root": false,
          "rootEmpty": false,
          "_timeout": 2000
        }
      ],
      "passes": [],
      "failures": [],
      "pending": [],
      "skipped": [],
      "duration": 0,
      "root": true,
      "rootEmpty": true,
      "_timeout": 2000
    },
    {
      "uuid": "446d2691-db58-4999-b9a2-4c45cefa016d",
      "title": "",
      "fullFile": "cypress/e2e/carrinho.cy.js",
      "file": "cypress/e2e/carrinho.cy.js",
      "beforeHooks": [],
      "afterHooks": [],
      "tests": [],
      "suites": [
        {
          "uuid": "185ade4e-0416-4e9e-bbc2-008bf0c9add1",
          "title": "Carrinho de compras",
          "fullFile": "",
          "file": "",
          "beforeHooks": [],
          "afterHooks": [],
          "tests": [
            {
              "title": "Adicionar produto ao carrinho",
              "fullTitle": "Carrinho de compras Adicionar produto ao carrinho",
              "timedOut": null,
              "duration": 2597,
              "state": "passed",
              "speed": "fast",
              "pass": true,
              "fail": false,
              "pending": false,
              "context": null,
              "code": "cy.get('.btn_inventory').first().click();\ncy.get('.shopping_cart_badge').should('contain', '1');",
              "err": {},
              "uuid": "273ac6d4-176a-4b67-89cf-bb4ab9fe9e03",
              "parentUUID": "185ade4e-0416-4e9e-bbc2-008bf0c9add1",
              "isHook": false,
              "skipped": false
            },
            {
              "title": "Remover produto do carrinho",
              "fullTitle": "Carrinho de compras Remover produto do carrinho",
              "timedOut": null,
              "duration": 939,
              "state": "passed",
              "speed": "fast",
              "pass": true,
              "fail": false,
              "pending": false,
              "context": null,
              "code": "cy.get('.btn_inventory').first().click();\ncy.get('.btn_secondary').first().click();\ncy.get('.shopping_cart_badge').should('not.exist');",
              "err": {},
              "uuid": "4da243eb-b908-45bf-a306-f5a71272f2b8",
              "parentUUID": "185ade4e-0416-4e9e-bbc2-008bf0c9add1",
              "isHook": false,
              "skipped": false
            },
            {
              "title": "Validar produtos adicionados",
              "fullTitle": "Carrinho de compras Validar produtos adicionados",
              "timedOut": null,
              "duration": 1269,
              "state": "passed",
              "speed": "fast",
              "pass": true,
              "fail": false,
              "pending": false,
              "context": null,
              "code": "cy.get('.btn_inventory').eq(0).click();\ncy.get('.btn_inventory').eq(1).click();\ncy.get('.shopping_cart_link').click();\ncy.get('.cart_item').should('have.length', 2);",
              "err": {},
              "uuid": "6338da8d-da28-4427-8d6a-929a20896002",
              "parentUUID": "185ade4e-0416-4e9e-bbc2-008bf0c9add1",
              "isHook": false,
              "skipped": false
            }
          ],
          "suites": [],
          "passes": [
            "273ac6d4-176a-4b67-89cf-bb4ab9fe9e03",
            "4da243eb-b908-45bf-a306-f5a71272f2b8",
            "6338da8d-da28-4427-8d6a-929a20896002"
          ],
          "failures": [],
          "pending": [],
          "skipped": [],
          "duration": 4805,
          "root": false,
          "rootEmpty": false,
          "_timeout": 2000
        }
      ],
      "passes": [],
      "failures": [],
      "pending": [],
      "skipped": [],
      "duration": 0,
      "root": true,
      "rootEmpty": true,
      "_timeout": 2000
    }
  ],
  "meta": {
    "mocha": {
      "version": "7.2.0"
    },
    "mochawesome": {
      "options": {
        "quiet": false,
        "reportFilename": "mochawesome",
        "saveHtml": false,
        "saveJson": true,
        "consoleReporter": "spec",
        "useInlineDiffs": false,
        "code": true
      },
      "version": "7.1.3"
    },
    "marge": {
      "options": {
        "reportDir": "cypress/reports",
        "overwrite": false,
        "html": false,
        "json": true
      },
      "version": "6.2.0"
    }
  }
}