{
  "stats": {
    "suites": 4,
    "tests": 13,
    "passes": 13,
    "pending": 0,
    "failures": 0,
    "testsRegistered": 13,
    "passPercent": 100,
    "pendingPercent": 0,
    "other": 0,
    "hasOther": false,
    "skipped": 0,
    "hasSkipped": false,
    "start": "2025-06-27T15:00:42.091Z",
    "end": "2025-06-27T15:01:03.675Z",
    "duration": 21584
  },
  "results": [
    {
      "uuid": "d3a7b4af-93f4-4841-bf23-b449e40f21f9",
      "title": "",
      "fullFile": "cypress/e2e/checkout.cy.js",
      "file": "cypress/e2e/checkout.cy.js",
      "beforeHooks": [],
      "afterHooks": [],
      "tests": [],
      "suites": [
        {
          "uuid": "d20fd69e-03e7-457c-932d-c576e7627e4f",
          "title": "Checkout",
          "fullFile": "",
          "file": "",
          "beforeHooks": [],
          "afterHooks": [],
          "tests": [
            {
              "title": "Preencher dados obrigatórios e continuar",
              "fullTitle": "Checkout Preencher dados obrigatórios e continuar",
              "timedOut": null,
              "duration": 2895,
              "state": "passed",
              "speed": "fast",
              "pass": true,
              "fail": false,
              "pending": false,
              "context": null,
              "code": "cy.get('#first-name').type('Igor');\ncy.get('#last-name').type('Brandao');\ncy.get('#postal-code').type('70300-000');\ncy.get('.cart_button').click();\ncy.url().should('include', 'checkout-step-two');",
              "err": {},
              "uuid": "9e3cba81-a1a3-40da-9e7c-5d9e661ba665",
              "parentUUID": "d20fd69e-03e7-457c-932d-c576e7627e4f",
              "isHook": false,
              "skipped": false
            },
            {
              "title": "Validar resumo da compra",
              "fullTitle": "Checkout Validar resumo da compra",
              "timedOut": null,
              "duration": 1791,
              "state": "passed",
              "speed": "fast",
              "pass": true,
              "fail": false,
              "pending": false,
              "context": null,
              "code": "cy.get('#first-name').type('Igor');\ncy.get('#last-name').type('Brandao');\ncy.get('#postal-code').type('70300-000');\ncy.get('.cart_button').click();\ncy.get('.summary_info').should('be.visible');",
              "err": {},
              "uuid": "12996170-e0d4-4b03-ba6d-8eb393a31591",
              "parentUUID": "d20fd69e-03e7-457c-932d-c576e7627e4f",
              "isHook": false,
              "skipped": false
            },
            {
              "title": "Finalizar compra com sucesso",
              "fullTitle": "Checkout Finalizar compra com sucesso",
              "timedOut": null,
              "duration": 1958,
              "state": "passed",
              "speed": "fast",
              "pass": true,
              "fail": false,
              "pending": false,
              "context": null,
              "code": "cy.get('#first-name').type('Flavio');\ncy.get('#last-name').type('Benatti');\ncy.get('#postal-code').type('12345-678');\ncy.get('[value=\"CONTINUE\"]').click();\ncy.contains('Payment Information').should('be.visible');\ncy.contains('Item total:').should('be.visible');\n// Clicar no link com texto 'FINISH' como no Robot\ncy.contains('a', 'FINISH').click();\n// Validar mensagem de sucesso\ncy.contains('THANK YOU FOR YOUR ORDER').should('be.visible');",
              "err": {},
              "uuid": "2313606f-bd81-43f5-984d-835fe655d92c",
              "parentUUID": "d20fd69e-03e7-457c-932d-c576e7627e4f",
              "isHook": false,
              "skipped": false
            }
          ],
          "suites": [],
          "passes": [
            "9e3cba81-a1a3-40da-9e7c-5d9e661ba665",
            "12996170-e0d4-4b03-ba6d-8eb393a31591",
            "2313606f-bd81-43f5-984d-835fe655d92c"
          ],
          "failures": [],
          "pending": [],
          "skipped": [],
          "duration": 6644,
          "root": false,
          "rootEmpty": false,
          "_timeout": 2000
        }
      ],
      "passes": [],
      "failures": [],
      "pending": [],
      "skipped": [],
      "duration": 0,
      "root": true,
      "rootEmpty": true,
      "_timeout": 2000
    },
    {
      "uuid": "2f82a6a7-ae38-4e41-a5d5-2185283febe9",
      "title": "",
      "fullFile": "cypress/e2e/login.cy.js",
      "file": "cypress/e2e/login.cy.js",
      "beforeHooks": [],
      "afterHooks": [],
      "tests": [],
      "suites": [
        {
          "uuid": "2076a212-74f3-4a3a-a056-8e9294d70748",
          "title": "Testes de Login na Saucedemo",
          "fullFile": "",
          "file": "",
          "beforeHooks": [],
          "afterHooks": [],
          "tests": [
            {
              "title": "Login com sucesso",
              "fullTitle": "Testes de Login na Saucedemo Login com sucesso",
              "timedOut": null,
              "duration": 1487,
              "state": "passed",
              "speed": "fast",
              "pass": true,
              "fail": false,
              "pending": false,
              "context": null,
              "code": "cy.get('#user-name').type(USUARIO_OK);\ncy.get('#password').type(SENHA_OK);\ncy.get('#login-button').click();\ncy.contains('Products').should('be.visible');",
              "err": {},
              "uuid": "a82570ef-aeb3-4d28-b59b-1d2e304b53ae",
              "parentUUID": "2076a212-74f3-4a3a-a056-8e9294d70748",
              "isHook": false,
              "skipped": false
            },
            {
              "title": "Logout após login com sucesso",
              "fullTitle": "Testes de Login na Saucedemo Logout após login com sucesso",
              "timedOut": null,
              "duration": 1216,
              "state": "passed",
              "speed": "fast",
              "pass": true,
              "fail": false,
              "pending": false,
              "context": null,
              "code": "cy.get('#user-name').type(USUARIO_OK);\ncy.get('#password').type(SENHA_OK);\ncy.get('#login-button').click();\ncy.contains('Products').should('be.visible');\ncy.get('.bm-burger-button').click();\ncy.get('#logout_sidebar_link').click();\ncy.get('#login-button').should('be.visible');",
              "err": {},
              "uuid": "8bf6c0a6-649f-49d4-83eb-363ecd25498c",
              "parentUUID": "2076a212-74f3-4a3a-a056-8e9294d70748",
              "isHook": false,
              "skipped": false
            },
            {
              "title": "Login com usuário ou senha inválidos",
              "fullTitle": "Testes de Login na Saucedemo Login com usuário ou senha inválidos",
              "timedOut": null,
              "duration": 749,
              "state": "passed",
              "speed": "fast",
              "pass": true,
              "fail": false,
              "pending": false,
              "context": null,
              "code": "cy.get('#user-name').type('usuario_invalido');\ncy.get('#password').type('senha_errada');\ncy.get('#login-button').click();\n// Verifica se aparece a mensagem de erro\ncy.get('[data-test=error]').should('contain.text', 'Epic sadface: Username and password do not match any user in this service');",
              "err": {},
              "uuid": "271f09e4-b5e6-400c-8cc8-87b6cc0d34db",
              "parentUUID": "2076a212-74f3-4a3a-a056-8e9294d70748",
              "isHook": false,
              "skipped": false
            }
          ],
          "suites": [],
          "passes": [
            "a82570ef-aeb3-4d28-b59b-1d2e304b53ae",
            "8bf6c0a6-649f-49d4-83eb-363ecd25498c",
            "271f09e4-b5e6-400c-8cc8-87b6cc0d34db"
          ],
          "failures": [],
          "pending": [],
          "skipped": [],
          "duration": 3452,
          "root": false,
          "rootEmpty": false,
          "_timeout": 2000
        }
      ],
      "passes": [],
      "failures": [],
      "pending": [],
      "skipped": [],
      "duration": 0,
      "root": true,
      "rootEmpty": true,
      "_timeout": 2000
    },
    {
      "uuid": "18f044af-0502-4cd3-8a27-14d77fdde5e5",
      "title": "",
      "fullFile": "cypress/e2e/produtos.cy.js",
      "file": "cypress/e2e/produtos.cy.js",
      "beforeHooks": [],
      "afterHooks": [],
      "tests": [],
      "suites": [
        {
          "uuid": "492f4ef3-3e8f-4969-ba5b-049a19e73775",
          "title": "Produtos",
          "fullFile": "",
          "file": "",
          "beforeHooks": [],
          "afterHooks": [],
          "tests": [
            {
              "title": "Exibe lista de produtos",
              "fullTitle": "Produtos Exibe lista de produtos",
              "timedOut": null,
              "duration": 1418,
              "state": "passed",
              "speed": "fast",
              "pass": true,
              "fail": false,
              "pending": false,
              "context": null,
              "code": "cy.get('.inventory_item').should('have.length.greaterThan', 0);",
              "err": {},
              "uuid": "7548680c-70ae-406a-a492-b883e21bcabd",
              "parentUUID": "492f4ef3-3e8f-4969-ba5b-049a19e73775",
              "isHook": false,
              "skipped": false
            },
            {
              "title": "Visualizar detalhes de um produto",
              "fullTitle": "Produtos Visualizar detalhes de um produto",
              "timedOut": null,
              "duration": 895,
              "state": "passed",
              "speed": "fast",
              "pass": true,
              "fail": false,
              "pending": false,
              "context": null,
              "code": "cy.get('.inventory_item').first().find('.inventory_item_name').click();\ncy.get('.inventory_details_name').should('be.visible');\ncy.get('.inventory_details_price').should('be.visible');",
              "err": {},
              "uuid": "ed6aca38-c585-493e-9452-7955ca20c2c2",
              "parentUUID": "492f4ef3-3e8f-4969-ba5b-049a19e73775",
              "isHook": false,
              "skipped": false
            },
            {
              "title": "Ordenar produtos por nome (A a Z)",
              "fullTitle": "Produtos Ordenar produtos por nome (A a Z)",
              "timedOut": null,
              "duration": 887,
              "state": "passed",
              "speed": "fast",
              "pass": true,
              "fail": false,
              "pending": false,
              "context": null,
              "code": "cy.get('.product_sort_container').select('Name (A to Z)');\ncy.get('.inventory_item_name').then(items => {\n  const names = [...items].map(el => el.innerText);\n  const sorted = [...names].sort();\n  expect(names).to.deep.equal(sorted);\n});",
              "err": {},
              "uuid": "e7c6557a-ad01-4269-976d-b4ce13b31034",
              "parentUUID": "492f4ef3-3e8f-4969-ba5b-049a19e73775",
              "isHook": false,
              "skipped": false
            },
            {
              "title": "Ordenar produtos por preço (baixo para alto)",
              "fullTitle": "Produtos Ordenar produtos por preço (baixo para alto)",
              "timedOut": null,
              "duration": 1215,
              "state": "passed",
              "speed": "fast",
              "pass": true,
              "fail": false,
              "pending": false,
              "context": null,
              "code": "cy.get('.product_sort_container').select('Price (low to high)');\ncy.get('.inventory_item_price').then(items => {\n  const prices = [...items].map(el => parseFloat(el.innerText.replace('$', '')));\n  const sorted = [...prices].sort((a, b) => a - b);\n  expect(prices).to.deep.equal(sorted);\n});",
              "err": {},
              "uuid": "31d9ef65-8275-4234-b24c-7f96ce129fdd",
              "parentUUID": "492f4ef3-3e8f-4969-ba5b-049a19e73775",
              "isHook": false,
              "skipped": false
            }
          ],
          "suites": [],
          "passes": [
            "7548680c-70ae-406a-a492-b883e21bcabd",
            "ed6aca38-c585-493e-9452-7955ca20c2c2",
            "e7c6557a-ad01-4269-976d-b4ce13b31034",
            "31d9ef65-8275-4234-b24c-7f96ce129fdd"
          ],
          "failures": [],
          "pending": [],
          "skipped": [],
          "duration": 4415,
          "root": false,
          "rootEmpty": false,
          "_timeout": 2000
        }
      ],
      "passes": [],
      "failures": [],
      "pending": [],
      "skipped": [],
      "duration": 0,
      "root": true,
      "rootEmpty": true,
      "_timeout": 2000
    },
    {
      "uuid": "e75c3371-60a9-4bf7-9892-4a871f7a5df8",
      "title": "",
      "fullFile": "cypress/e2e/carrinho.cy.js",
      "file": "cypress/e2e/carrinho.cy.js",
      "beforeHooks": [],
      "afterHooks": [],
      "tests": [],
      "suites": [
        {
          "uuid": "76a23193-e2c5-4956-9c1a-24e33b719c9f",
          "title": "Carrinho de compras",
          "fullFile": "",
          "file": "",
          "beforeHooks": [],
          "afterHooks": [],
          "tests": [
            {
              "title": "Adicionar produto ao carrinho",
              "fullTitle": "Carrinho de compras Adicionar produto ao carrinho",
              "timedOut": null,
              "duration": 1943,
              "state": "passed",
              "speed": "fast",
              "pass": true,
              "fail": false,
              "pending": false,
              "context": null,
              "code": "cy.get('.btn_inventory').first().click();\ncy.get('.shopping_cart_badge').should('contain', '1');",
              "err": {},
              "uuid": "68abe9ee-e44c-4456-8f46-a83e0ec7bb7b",
              "parentUUID": "76a23193-e2c5-4956-9c1a-24e33b719c9f",
              "isHook": false,
              "skipped": false
            },
            {
              "title": "Remover produto do carrinho",
              "fullTitle": "Carrinho de compras Remover produto do carrinho",
              "timedOut": null,
              "duration": 927,
              "state": "passed",
              "speed": "fast",
              "pass": true,
              "fail": false,
              "pending": false,
              "context": null,
              "code": "cy.get('.btn_inventory').first().click();\ncy.get('.btn_secondary').first().click();\ncy.get('.shopping_cart_badge').should('not.exist');",
              "err": {},
              "uuid": "27bd3814-998f-4abb-8b33-f04c5d2689c6",
              "parentUUID": "76a23193-e2c5-4956-9c1a-24e33b719c9f",
              "isHook": false,
              "skipped": false
            },
            {
              "title": "Validar produtos adicionados",
              "fullTitle": "Carrinho de compras Validar produtos adicionados",
              "timedOut": null,
              "duration": 1052,
              "state": "passed",
              "speed": "fast",
              "pass": true,
              "fail": false,
              "pending": false,
              "context": null,
              "code": "cy.get('.btn_inventory').eq(0).click();\ncy.get('.btn_inventory').eq(1).click();\ncy.get('.shopping_cart_link').click();\ncy.get('.cart_item').should('have.length', 2);",
              "err": {},
              "uuid": "11ef7d7e-f757-4895-a1e5-d3c3a5389a81",
              "parentUUID": "76a23193-e2c5-4956-9c1a-24e33b719c9f",
              "isHook": false,
              "skipped": false
            }
          ],
          "suites": [],
          "passes": [
            "68abe9ee-e44c-4456-8f46-a83e0ec7bb7b",
            "27bd3814-998f-4abb-8b33-f04c5d2689c6",
            "11ef7d7e-f757-4895-a1e5-d3c3a5389a81"
          ],
          "failures": [],
          "pending": [],
          "skipped": [],
          "duration": 3922,
          "root": false,
          "rootEmpty": false,
          "_timeout": 2000
        }
      ],
      "passes": [],
      "failures": [],
      "pending": [],
      "skipped": [],
      "duration": 0,
      "root": true,
      "rootEmpty": true,
      "_timeout": 2000
    }
  ],
  "meta": {
    "mocha": {
      "version": "7.2.0"
    },
    "mochawesome": {
      "options": {
        "quiet": false,
        "reportFilename": "mochawesome",
        "saveHtml": false,
        "saveJson": true,
        "consoleReporter": "spec",
        "useInlineDiffs": false,
        "code": true
      },
      "version": "7.1.3"
    },
    "marge": {
      "options": {
        "reportDir": "cypress/reports",
        "overwrite": false,
        "html": false,
        "json": true
      },
      "version": "6.2.0"
    }
  }
}